<?xml version="1.0" encoding="UTF-8"?>
<testng-results ignored="0" total="1" passed="1" failed="0" skipped="0">
  <reporter-output>
  </reporter-output>
  <suite started-at="2024-12-19T16:38:53 TRT" name="Default Suite" finished-at="2024-12-19T16:38:53 TRT" duration-ms="80">
    <groups>
    </groups>
    <test started-at="2024-12-19T16:38:53 TRT" name="Main.java" finished-at="2024-12-19T16:38:53 TRT" duration-ms="80">
      <class name="MyTestCases">
        <test-method signature="test1()[pri:0, instance:MyTestCases@3a079870]" started-at="2024-12-19T16:38:53 TRT" name="test1" finished-at="2024-12-19T16:38:53 TRT" duration-ms="7" status="PASS">
          <reporter-output>
          </reporter-output>
        </test-method> <!-- test1 -->
      </class> <!-- MyTestCases -->
    </test> <!-- Main.java -->
  </suite> <!-- Default Suite -->
</testng-results>
